app/build/intermediates/manifest_merge_blame_file/debug/manifest-merger-blame-debug-report.txt
1<?xml version="1.0" encoding="utf-8"?>
2<manifest xmlns:android="http://schemas.android.com/apk/res/android"
3    package="com.android.youbike"
4    android:versionCode="1"
5    android:versionName="1.0" >
6
7    <uses-sdk
8        android:minSdkVersion="21"
8-->src/main/AndroidManifest.xml
9        android:targetSdkVersion="32" />
9-->src/main/AndroidManifest.xml
10
11    <uses-permission android:name="android.permission.INTERNET" />
11-->src/main/AndroidManifest.xml:6:5-67
11-->src/main/AndroidManifest.xml:6:22-64
12    <uses-permission android:name="android.permission.WRITE_SETTINGS" />
12-->src/main/AndroidManifest.xml:7:5-9:47
12-->src/main/AndroidManifest.xml:8:9-57
13    <uses-permission android:name="android.permission.ACCESS_NETWORK_STATE" />
13-->src/main/AndroidManifest.xml:10:5-79
13-->src/main/AndroidManifest.xml:10:22-76
14
15    <uses-feature
15-->[com.google.android.gms:play-services-maps:18.0.2] AndroidManifest.xml:26:5-28:35
16        android:glEsVersion="0x00020000"
16-->[com.google.android.gms:play-services-maps:18.0.2] AndroidManifest.xml:27:9-41
17        android:required="true" />
17-->[com.google.android.gms:play-services-maps:18.0.2] AndroidManifest.xml:28:9-32
18
19    <queries>
19-->[com.google.android.gms:play-services-maps:18.0.2] AndroidManifest.xml:30:5-34:15
20
21        <!-- Needs to be explicitly declared on Android R+ -->
22        <package android:name="com.google.android.apps.maps" />
22-->[com.google.android.gms:play-services-maps:18.0.2] AndroidManifest.xml:33:9-64
22-->[com.google.android.gms:play-services-maps:18.0.2] AndroidManifest.xml:33:18-61
23    </queries>
24
25    <application
25-->src/main/AndroidManifest.xml:12:5-121:19
26        android:name="com.android.youbike.Values"
26-->src/main/AndroidManifest.xml:13:9-31
27        android:allowBackup="true"
27-->src/main/AndroidManifest.xml:14:9-35
28        android:appComponentFactory="androidx.core.app.CoreComponentFactory"
28-->[androidx.core:core:1.7.0] AndroidManifest.xml:24:18-86
29        android:debuggable="true"
30        android:icon="@mipmap/ic_launcher"
30-->src/main/AndroidManifest.xml:15:9-43
31        android:label="@string/app_name"
31-->src/main/AndroidManifest.xml:16:9-41
32        android:roundIcon="@mipmap/ic_launcher_round"
32-->src/main/AndroidManifest.xml:17:9-54
33        android:supportsRtl="true"
33-->src/main/AndroidManifest.xml:18:9-35
34        android:testOnly="true"
35        android:theme="@style/Theme.YouBike"
35-->src/main/AndroidManifest.xml:19:9-45
36        android:usesCleartextTraffic="true" >
36-->src/main/AndroidManifest.xml:20:9-44
37        <activity
37-->src/main/AndroidManifest.xml:21:9-23:40
38            android:name="com.android.youbike.CardNewThreeActivity"
38-->src/main/AndroidManifest.xml:22:13-49
39            android:exported="false" />
39-->src/main/AndroidManifest.xml:23:13-37
40        <activity
40-->src/main/AndroidManifest.xml:24:9-26:40
41            android:name="com.android.youbike.RideTicketNewActivity"
41-->src/main/AndroidManifest.xml:25:13-50
42            android:exported="false" />
42-->src/main/AndroidManifest.xml:26:13-37
43        <activity
43-->src/main/AndroidManifest.xml:27:9-29:40
44            android:name="com.android.youbike.LostAndFoundActivity"
44-->src/main/AndroidManifest.xml:28:13-49
45            android:exported="false" />
45-->src/main/AndroidManifest.xml:29:13-37
46        <activity
46-->src/main/AndroidManifest.xml:30:9-32:40
47            android:name="com.android.youbike.FindBikeActivity"
47-->src/main/AndroidManifest.xml:31:13-45
48            android:exported="false" />
48-->src/main/AndroidManifest.xml:32:13-37
49        <activity
49-->src/main/AndroidManifest.xml:33:9-35:40
50            android:name="com.android.youbike.CardNewTwoActivity"
50-->src/main/AndroidManifest.xml:34:13-47
51            android:exported="false" />
51-->src/main/AndroidManifest.xml:35:13-37
52        <activity
52-->src/main/AndroidManifest.xml:36:9-38:40
53            android:name="com.android.youbike.CardNewActivity"
53-->src/main/AndroidManifest.xml:37:13-44
54            android:exported="false" />
54-->src/main/AndroidManifest.xml:38:13-37
55        <activity
55-->src/main/AndroidManifest.xml:39:9-41:40
56            android:name="com.android.youbike.CardManageActivity"
56-->src/main/AndroidManifest.xml:40:13-47
57            android:exported="false" />
57-->src/main/AndroidManifest.xml:41:13-37
58        <activity
58-->src/main/AndroidManifest.xml:42:9-44:40
59            android:name="com.android.youbike.FiTestingActivity"
59-->src/main/AndroidManifest.xml:43:13-46
60            android:exported="false" />
60-->src/main/AndroidManifest.xml:44:13-37
61        <activity
61-->src/main/AndroidManifest.xml:45:9-47:40
62            android:name="com.android.youbike.RideTicketManageActivity"
62-->src/main/AndroidManifest.xml:46:13-53
63            android:exported="false" />
63-->src/main/AndroidManifest.xml:47:13-37
64        <activity
64-->src/main/AndroidManifest.xml:48:9-50:40
65            android:name="com.android.youbike.LostAndFoundTypeActivity"
65-->src/main/AndroidManifest.xml:49:13-53
66            android:exported="false" />
66-->src/main/AndroidManifest.xml:50:13-37
67        <activity
67-->src/main/AndroidManifest.xml:51:9-53:40
68            android:name="com.android.youbike.navigationActivity"
68-->src/main/AndroidManifest.xml:52:13-47
69            android:exported="false" />
69-->src/main/AndroidManifest.xml:53:13-37
70        <activity
70-->src/main/AndroidManifest.xml:54:9-56:40
71            android:name="com.android.youbike.paymentActivity"
71-->src/main/AndroidManifest.xml:55:13-44
72            android:exported="false" />
72-->src/main/AndroidManifest.xml:56:13-37
73        <activity
73-->src/main/AndroidManifest.xml:57:9-65:20
74            android:name="com.android.youbike.MainActivity"
74-->src/main/AndroidManifest.xml:58:13-41
75            android:exported="true" >
75-->src/main/AndroidManifest.xml:59:13-36
76            <intent-filter>
76-->src/main/AndroidManifest.xml:60:13-64:29
77                <action android:name="android.intent.action.MAIN" />
77-->src/main/AndroidManifest.xml:61:17-69
77-->src/main/AndroidManifest.xml:61:25-66
78
79                <category android:name="android.intent.category.LAUNCHER" />
79-->src/main/AndroidManifest.xml:63:17-77
79-->src/main/AndroidManifest.xml:63:27-74
80            </intent-filter>
81        </activity>
82
83        <uses-library
83-->src/main/AndroidManifest.xml:67:9-69:40
84            android:name="org.apache.http.legacy"
84-->src/main/AndroidManifest.xml:68:13-50
85            android:required="false" />
85-->src/main/AndroidManifest.xml:69:13-37
86
87        <activity
87-->src/main/AndroidManifest.xml:71:9-73:40
88            android:name="com.android.youbike.AccidentNotificationActivity"
88-->src/main/AndroidManifest.xml:72:13-57
89            android:exported="false" />
89-->src/main/AndroidManifest.xml:73:13-37
90        <activity
90-->src/main/AndroidManifest.xml:74:9-76:40
91            android:name="com.android.youbike.ServiceCenterActivity"
91-->src/main/AndroidManifest.xml:75:13-50
92            android:exported="false" />
92-->src/main/AndroidManifest.xml:76:13-37
93        <activity
93-->src/main/AndroidManifest.xml:77:9-79:40
94            android:name="com.android.youbike.LoginActivity"
94-->src/main/AndroidManifest.xml:78:13-42
95            android:exported="false" />
95-->src/main/AndroidManifest.xml:79:13-37
96        <activity
96-->src/main/AndroidManifest.xml:80:9-82:40
97            android:name="com.android.youbike.TermOfUseActivity"
97-->src/main/AndroidManifest.xml:81:13-46
98            android:exported="false" />
98-->src/main/AndroidManifest.xml:82:13-37
99        <activity
99-->src/main/AndroidManifest.xml:83:9-85:40
100            android:name="com.android.youbike.SignUpActivity"
100-->src/main/AndroidManifest.xml:84:13-43
101            android:exported="false" />
101-->src/main/AndroidManifest.xml:85:13-37
102        <activity
102-->src/main/AndroidManifest.xml:86:9-88:40
103            android:name="com.android.youbike.InstructionsActivity"
103-->src/main/AndroidManifest.xml:87:13-49
104            android:exported="false" />
104-->src/main/AndroidManifest.xml:88:13-37
105        <activity
105-->src/main/AndroidManifest.xml:89:9-91:40
106            android:name="com.android.youbike.EquipmentIntroductionActivity"
106-->src/main/AndroidManifest.xml:90:13-58
107            android:exported="false" />
107-->src/main/AndroidManifest.xml:91:13-37
108        <activity
108-->src/main/AndroidManifest.xml:92:9-94:40
109            android:name="com.android.youbike.LeaseModeActivity"
109-->src/main/AndroidManifest.xml:93:13-46
110            android:exported="false" />
110-->src/main/AndroidManifest.xml:94:13-37
111        <activity
111-->src/main/AndroidManifest.xml:95:9-97:40
112            android:name="com.android.youbike.SafeRideActivity"
112-->src/main/AndroidManifest.xml:96:13-45
113            android:exported="false" />
113-->src/main/AndroidManifest.xml:97:13-37
114        <activity
114-->src/main/AndroidManifest.xml:98:9-100:40
115            android:name="com.android.youbike.FareDescriptionActivity"
115-->src/main/AndroidManifest.xml:99:13-52
116            android:exported="false" />
116-->src/main/AndroidManifest.xml:100:13-37
117        <activity
117-->src/main/AndroidManifest.xml:101:9-103:40
118            android:name="com.android.youbike.AccidentNotificationRecordDetailActivity"
118-->src/main/AndroidManifest.xml:102:13-69
119            android:exported="false" />
119-->src/main/AndroidManifest.xml:103:13-37
120        <activity
120-->src/main/AndroidManifest.xml:104:9-106:40
121            android:name="com.android.youbike.AccidentNotificationRecordActivity"
121-->src/main/AndroidManifest.xml:105:13-63
122            android:exported="false" />
122-->src/main/AndroidManifest.xml:106:13-37
123        <activity
123-->src/main/AndroidManifest.xml:107:9-109:40
124            android:name="com.android.youbike.NoticeActivity"
124-->src/main/AndroidManifest.xml:108:13-43
125            android:exported="false" />
125-->src/main/AndroidManifest.xml:109:13-37
126        <activity
126-->src/main/AndroidManifest.xml:110:9-112:40
127            android:name="com.android.youbike.AccidentNotificationFixActivity"
127-->src/main/AndroidManifest.xml:111:13-60
128            android:exported="false" />
128-->src/main/AndroidManifest.xml:112:13-37
129        <activity
129-->src/main/AndroidManifest.xml:113:9-115:40
130            android:name="com.android.youbike.AccidentNotificationFixDetailActivity"
130-->src/main/AndroidManifest.xml:114:13-66
131            android:exported="false" />
131-->src/main/AndroidManifest.xml:115:13-37
132        <activity
132-->src/main/AndroidManifest.xml:116:9-120:20
133            android:name="com.android.youbike.BikeReportSysActivity"
133-->src/main/AndroidManifest.xml:117:13-50
134            android:exported="false" >
134-->src/main/AndroidManifest.xml:118:13-37
135            android:windowSoftInputMode="stateAlwaysHidden"
136        </activity>
137        <activity
137-->[com.google.android.gms:play-services-base:18.0.1] AndroidManifest.xml:20:9-22:45
138            android:name="com.google.android.gms.common.api.GoogleApiActivity"
138-->[com.google.android.gms:play-services-base:18.0.1] AndroidManifest.xml:20:19-85
139            android:exported="false"
139-->[com.google.android.gms:play-services-base:18.0.1] AndroidManifest.xml:22:19-43
140            android:theme="@android:style/Theme.Translucent.NoTitleBar" />
140-->[com.google.android.gms:play-services-base:18.0.1] AndroidManifest.xml:21:19-78
141
142        <meta-data
142-->[com.google.android.gms:play-services-basement:18.0.0] AndroidManifest.xml:21:9-23:69
143            android:name="com.google.android.gms.version"
143-->[com.google.android.gms:play-services-basement:18.0.0] AndroidManifest.xml:22:13-58
144            android:value="@integer/google_play_services_version" />
144-->[com.google.android.gms:play-services-basement:18.0.0] AndroidManifest.xml:23:13-66
145
146        <provider
146-->[androidx.emoji2:emoji2:1.0.0] AndroidManifest.xml:26:9-34:20
147            android:name="androidx.startup.InitializationProvider"
147-->[androidx.emoji2:emoji2:1.0.0] AndroidManifest.xml:27:13-67
148            android:authorities="com.android.youbike.androidx-startup"
148-->[androidx.emoji2:emoji2:1.0.0] AndroidManifest.xml:28:13-68
149            android:exported="false" >
149-->[androidx.emoji2:emoji2:1.0.0] AndroidManifest.xml:29:13-37
150            <meta-data
150-->[androidx.emoji2:emoji2:1.0.0] AndroidManifest.xml:31:13-33:52
151                android:name="androidx.emoji2.text.EmojiCompatInitializer"
151-->[androidx.emoji2:emoji2:1.0.0] AndroidManifest.xml:32:17-75
152                android:value="androidx.startup" />
152-->[androidx.emoji2:emoji2:1.0.0] AndroidManifest.xml:33:17-49
153            <meta-data
153-->[androidx.lifecycle:lifecycle-process:2.4.0] AndroidManifest.xml:31:13-33:52
154                android:name="androidx.lifecycle.ProcessLifecycleInitializer"
154-->[androidx.lifecycle:lifecycle-process:2.4.0] AndroidManifest.xml:32:17-78
155                android:value="androidx.startup" />
155-->[androidx.lifecycle:lifecycle-process:2.4.0] AndroidManifest.xml:33:17-49
156        </provider>
157    </application>
158
159</manifest>